

*******************************************************************************
Wed Nov 16 16:44:00 2016


FIT:    data read from "qq.dat"
        format = z
        #datapoints = 10000
        residuals are weighted equally (unit weight)

function used for fitting: f(x)
	f(x)=a*x+b
fitted parameters initialized with current variable values

iter      chisq       delta/lim  lambda   a             b            
   0 5.5758101776e+04  0.00e+00 1.00e+00  1.000000e+00  1.000000e+00
   3 4.5975430842e-05 -1.21e-06 1.00e-03  5.295522e-03  3.141612e+00

After 3 iterations the fit converged.
final sum of squares of residuals : 4.59754e-005
rel. change during last iteration : -1.2128e-011

degrees of freedom    (FIT_NDF)                        : 9998
rms of residuals      (FIT_STDFIT) = sqrt(WSSR/ndf)    : 6.7812e-005
variance of residuals (reduced chisquare) = WSSR/ndf   : 4.59846e-009

Final set of parameters            Asymptotic Standard Error
=======================            ==========================
a               = 0.00529552       +/- 6.782e-007   (0.01281%)
b               = 3.14161          +/- 6.781e-007   (2.159e-005%)

correlation matrix of the fit parameters:
                a      b      
a               1.000 
b              -0.000  1.000 


*******************************************************************************
Wed Nov 16 17:03:53 2016


FIT:    data read from "qq.dat"
        format = z
        #datapoints = 10000
        residuals are weighted equally (unit weight)

function used for fitting: f(x)
	f(x)=a*x+b
fitted parameters initialized with current variable values

iter      chisq       delta/lim  lambda   a             b            
   0 1.7831941834e-04  0.00e+00 2.22e+00  5.295522e-03  3.141612e+00
   4 3.9512882728e-05 -1.45e-02 2.22e-04  5.199307e-03  3.141544e+00

After 4 iterations the fit converged.
final sum of squares of residuals : 3.95129e-005
rel. change during last iteration : -1.45014e-007

degrees of freedom    (FIT_NDF)                        : 9998
rms of residuals      (FIT_STDFIT) = sqrt(WSSR/ndf)    : 6.28656e-005
variance of residuals (reduced chisquare) = WSSR/ndf   : 3.95208e-009

Final set of parameters            Asymptotic Standard Error
=======================            ==========================
a               = 0.00519931       +/- 6.287e-007   (0.01209%)
b               = 3.14154          +/- 6.287e-007   (2.001e-005%)

correlation matrix of the fit parameters:
                a      b      
a               1.000 
b               0.000  1.000 


*******************************************************************************
Wed Nov 16 17:32:54 2016


FIT:    data read from "qq.dat"
        format = z
        #datapoints = 10000
        residuals are weighted equally (unit weight)

function used for fitting: f(x)
	f(x)=a*x+b
fitted parameters initialized with current variable values

iter      chisq       delta/lim  lambda   a             b            
   0 6.0932510941e-05  0.00e+00 2.22e+00  5.199307e-03  3.141544e+00
   4 2.7173435943e-05 -3.16e-04 2.22e-04  5.188328e-03  3.141601e+00

After 4 iterations the fit converged.
final sum of squares of residuals : 2.71734e-005
rel. change during last iteration : -3.15537e-009

degrees of freedom    (FIT_NDF)                        : 9998
rms of residuals      (FIT_STDFIT) = sqrt(WSSR/ndf)    : 5.21334e-005
variance of residuals (reduced chisquare) = WSSR/ndf   : 2.71789e-009

Final set of parameters            Asymptotic Standard Error
=======================            ==========================
a               = 0.00518833       +/- 5.214e-007   (0.01005%)
b               = 3.1416           +/- 5.213e-007   (1.659e-005%)

correlation matrix of the fit parameters:
                a      b      
a               1.000 
b               0.000  1.000 


*******************************************************************************
Wed Nov 16 18:06:44 2016


FIT:    data read from "qq.dat"
        format = z
        #datapoints = 1000
        residuals are weighted equally (unit weight)

function used for fitting: f(x)
	f(x)=a*x+b
fitted parameters initialized with current variable values

iter      chisq       delta/lim  lambda   a             b            
   0 2.3898571155e+00  0.00e+00 2.22e+00  5.188328e-03  3.141601e+00
   5 1.9303445244e-02 -5.56e-05 2.22e-05  5.384707e-02  3.139160e+00

After 5 iterations the fit converged.
final sum of squares of residuals : 0.0193034
rel. change during last iteration : -5.55708e-010

degrees of freedom    (FIT_NDF)                        : 998
rms of residuals      (FIT_STDFIT) = sqrt(WSSR/ndf)    : 0.00439797
variance of residuals (reduced chisquare) = WSSR/ndf   : 1.93421e-005

Final set of parameters            Asymptotic Standard Error
=======================            ==========================
a               = 0.0538471        +/- 0.0001392    (0.2584%)
b               = 3.13916          +/- 0.0001391    (0.00443%)

correlation matrix of the fit parameters:
                a      b      
a               1.000 
b              -0.000  1.000 


*******************************************************************************
Wed Nov 16 18:07:31 2016


FIT:    data read from "qq.dat"
        format = z
        #datapoints = 1000
        residuals are weighted equally (unit weight)

function used for fitting: f(x)
	f(x)=a*x+b
fitted parameters initialized with current variable values

iter      chisq       delta/lim  lambda   a             b            
   0 2.1543412754e-02  0.00e+00 2.22e+00  5.384707e-02  3.139160e+00
   4 1.6667048031e-02 -3.89e-08 2.22e-04  5.242240e-02  3.140848e+00

After 4 iterations the fit converged.
final sum of squares of residuals : 0.016667
rel. change during last iteration : -3.89055e-013

degrees of freedom    (FIT_NDF)                        : 998
rms of residuals      (FIT_STDFIT) = sqrt(WSSR/ndf)    : 0.00408662
variance of residuals (reduced chisquare) = WSSR/ndf   : 1.67004e-005

Final set of parameters            Asymptotic Standard Error
=======================            ==========================
a               = 0.0524224        +/- 0.0001293    (0.2467%)
b               = 3.14085          +/- 0.0001292    (0.004115%)

correlation matrix of the fit parameters:
                a      b      
a               1.000 
b              -0.000  1.000 


*******************************************************************************
Wed Nov 16 18:08:32 2016


FIT:    data read from "qq.dat"
        format = z
        #datapoints = 1000
        residuals are weighted equally (unit weight)

function used for fitting: f(x)
	f(x)=a*x+b
fitted parameters initialized with current variable values

iter      chisq       delta/lim  lambda   a             b            
   0 2.2580797057e-02  0.00e+00 2.22e+00  5.242240e-02  3.140848e+00
   3 1.0336120577e-02 -6.31e-02 2.22e-03  5.264752e-02  3.144340e+00

After 3 iterations the fit converged.
final sum of squares of residuals : 0.0103361
rel. change during last iteration : -6.30504e-007

degrees of freedom    (FIT_NDF)                        : 998
rms of residuals      (FIT_STDFIT) = sqrt(WSSR/ndf)    : 0.0032182
variance of residuals (reduced chisquare) = WSSR/ndf   : 1.03568e-005

Final set of parameters            Asymptotic Standard Error
=======================            ==========================
a               = 0.0526475        +/- 0.0001018    (0.1934%)
b               = 3.14434          +/- 0.0001018    (0.003237%)

correlation matrix of the fit parameters:
                a      b      
a               1.000 
b               0.000  1.000 


*******************************************************************************
Wed Nov 16 18:09:34 2016


FIT:    data read from "qq.dat"
        format = z
        #datapoints = 1000
        residuals are weighted equally (unit weight)

function used for fitting: f(x)
	f(x)=a*x+b
fitted parameters initialized with current variable values

iter      chisq       delta/lim  lambda   a             b            
   0 1.3071911095e+00  0.00e+00 2.22e+00  5.264752e-02  3.144340e+00
   4 5.5655200351e-04 -9.40e-04 2.22e-04  1.663267e-02  3.140986e+00

After 4 iterations the fit converged.
final sum of squares of residuals : 0.000556552
rel. change during last iteration : -9.39845e-009

degrees of freedom    (FIT_NDF)                        : 998
rms of residuals      (FIT_STDFIT) = sqrt(WSSR/ndf)    : 0.000746771
variance of residuals (reduced chisquare) = WSSR/ndf   : 5.57667e-007

Final set of parameters            Asymptotic Standard Error
=======================            ==========================
a               = 0.0166327        +/- 2.363e-005   (0.1421%)
b               = 3.14099          +/- 2.361e-005   (0.0007518%)

correlation matrix of the fit parameters:
                a      b      
a               1.000 
b               0.000  1.000 


*******************************************************************************
Wed Nov 16 18:10:59 2016


FIT:    data read from "qq.dat"
        format = z
        #datapoints = 1000
        residuals are weighted equally (unit weight)

function used for fitting: f(x)
	f(x)=a*x+b
fitted parameters initialized with current variable values

iter      chisq       delta/lim  lambda   a             b            
   0 1.7287341403e-03  0.00e+00 2.22e+00  1.663267e-02  3.140986e+00
   4 2.8643509041e-04 -2.06e-04 2.22e-04  1.672766e-02  3.142183e+00

After 4 iterations the fit converged.
final sum of squares of residuals : 0.000286435
rel. change during last iteration : -2.0568e-009

degrees of freedom    (FIT_NDF)                        : 998
rms of residuals      (FIT_STDFIT) = sqrt(WSSR/ndf)    : 0.000535732
variance of residuals (reduced chisquare) = WSSR/ndf   : 2.87009e-007

Final set of parameters            Asymptotic Standard Error
=======================            ==========================
a               = 0.0167277        +/- 1.695e-005   (0.1013%)
b               = 3.14218          +/- 1.694e-005   (0.0005392%)

correlation matrix of the fit parameters:
                a      b      
a               1.000 
b               0.000  1.000 
